[debug] [2024-07-22T05:17:43.813Z] ----------------------------------------------------------------------
[debug] [2024-07-22T05:17:43.816Z] Command:       C:\Program Files\nodejs\node.exe C:\Users\admin\AppData\Roaming\npm\node_modules\firebase-tools\lib\bin\firebase.js login
[debug] [2024-07-22T05:17:43.816Z] CLI Version:   13.13.3
[debug] [2024-07-22T05:17:43.816Z] Platform:      win32
[debug] [2024-07-22T05:17:43.816Z] Node Version:  v20.13.1
[debug] [2024-07-22T05:17:43.817Z] Time:          Mon Jul 22 2024 10:47:43 GMT+0530 (India Standard Time)
[debug] [2024-07-22T05:17:43.817Z] ----------------------------------------------------------------------
[debug] 
[debug] [2024-07-22T05:17:43.879Z] Field ".hosting" in "firebase.json" is possibly invalid: should be object
[debug] [2024-07-22T05:17:43.880Z] Object ".hosting[0]" in "firebase.json" is missing required property: {"missingProperty":"target"}
[debug] [2024-07-22T05:17:43.880Z] Object ".hosting[0]" in "firebase.json" is missing required property: {"missingProperty":"site"}
[debug] [2024-07-22T05:17:43.880Z] Field ".hosting[0]" in "firebase.json" is possibly invalid: should match some schema in anyOf
[debug] [2024-07-22T05:17:43.880Z] Field ".hosting" in "firebase.json" is possibly invalid: should match some schema in anyOf
[info] i  Firebase optionally collects CLI and Emulator Suite usage and error reporting information to help improve our products. Data is collected in accordance with Google's privacy policy (https://policies.google.com/privacy) and is not used to identify you.
 
[info] i  To change your data collection preference at any time, run `firebase logout` and log in again. 
[info] 
[info] Visit this URL on this device to log in:
[info] https://accounts.google.com/o/oauth2/auth?client_id=563584335869-fgrhgmd47bqnekij5i8b5pr03ho849e6.apps.googleusercontent.com&scope=email%20openid%20https%3A%2F%2Fwww.googleapis.com%2Fauth%2Fcloudplatformprojects.readonly%20https%3A%2F%2Fwww.googleapis.com%2Fauth%2Ffirebase%20https%3A%2F%2Fwww.googleapis.com%2Fauth%2Fcloud-platform&response_type=code&state=421987059&redirect_uri=http%3A%2F%2Flocalhost%3A9005
[info] 
[info] Waiting for authentication...
[debug] [2024-07-22T05:17:50.730Z] Error: spawn cmd ENOENT
    at ChildProcess._handle.onexit (node:internal/child_process:286:19)
    at onErrorNT (node:internal/child_process:484:16)
    at process.processTicksAndRejections (node:internal/process/task_queues:82:21)
[error] 
[error] Error: An unexpected error has occurred.
